<?xml version="1.0" encoding="UTF-8"?>
<!-- Generated by org.testng.reporters.JUnitXMLReporter -->
<testsuite hostname="sai" name="End to end Testing" tests="5" failures="0" timestamp="19 Sep 2017 05:28:17 GMT" time="46.547" errors="0">
  <testcase name="logintest" time="20.774" classname="day24.Login"/>
  <testcase name="addEmployee" time="22.734" classname="day24.AddEmployee"/>
  <testcase name="delEmpTest" time="0.172" classname="day24.DeleteEmployee">
    <skipped/>
  </testcase> <!-- delEmpTest -->
  <testcase name="logoutTest" time="2.515" classname="day24.Logout"/>
  <testcase name="testresults" time="0.281" classname="day24.TestSuiteResults"/>
</testsuite> <!-- End to end Testing -->
