<?xml version="1.0" encoding="UTF-8"?>
<testng-results skipped="0" failed="0" total="1" passed="1">
  <reporter-output>
  </reporter-output>
  <suite name="Default suite" duration-ms="256654" started-at="2017-10-13T05:28:31Z" finished-at="2017-10-13T05:32:48Z">
    <groups>
    </groups>
    <test name="Default test" duration-ms="256654" started-at="2017-10-13T05:28:31Z" finished-at="2017-10-13T05:32:48Z">
      <class name="day32.pagetestcases.RegistrationPOM">
        <test-method status="PASS" signature="registration()[pri:0, instance:day32.pagetestcases.RegistrationPOM@12554af0]" name="registration" duration-ms="256607" started-at="2017-10-12T22:28:31Z" finished-at="2017-10-12T22:32:48Z">
          <reporter-output>
          </reporter-output>
        </test-method> <!-- registration -->
      </class> <!-- day32.pagetestcases.RegistrationPOM -->
    </test> <!-- Default test -->
  </suite> <!-- Default suite -->
</testng-results>
